<?xml version="1.0" encoding="UTF-8"?>
<testsuite xmlns:xsi="http://www.w3.org/2001/XMLSchema-instance" xsi:noNamespaceSchemaLocation="https://maven.apache.org/surefire/maven-surefire-plugin/xsd/surefire-test-report-3.0.xsd" version="3.0" name="itson.org.ghosttracksventaenlinea.fachada.VentaEnLineaFachadaTest" time="0.064" tests="1" errors="0" skipped="0" failures="0">
  <properties>
[...]
</properties>
  <testcase name="generarPedido" classname="itson.org.ghosttracksventaenlinea.fachada.VentaEnLineaFachadaTest" time="0.035">
    <system-err><![CDATA[May 15, 2026 2:33:15 PM itson.org.ghosttracks.mocks.PedidosMockDAO guardarPedido
INFO: ENTIDAD PERSISTIDA: Pedido guardado exitosamente con ID 5
May 15, 2026 2:33:15 PM itson.org.ghosttracks.negocio.objetosNegocio.PedidosBO generarPedido
INFO: Pedido y Pago registrados con éxito. ID: 5
]]></system-err>
  </testcase>
</testsuite>